#
# There is insufficient memory for the Java Runtime Environment to continue.
# Native memory allocation (mmap) failed to map 65536 bytes for Failed to commit metaspace.
# Possible reasons:
#   The system is out of physical RAM or swap space
#   The process is running with CompressedOops enabled, and the Java Heap may be blocking the growth of the native heap
# Possible solutions:
#   Reduce memory load on the system
#   Increase physical memory or swap space
#   Check if swap backing store is full
#   Decrease Java heap size (-Xmx/-Xms)
#   Decrease number of Java threads
#   Decrease Java thread stack sizes (-Xss)
#   Set larger code cache with -XX:ReservedCodeCacheSize=
#   JVM is running with Zero Based Compressed Oops mode in which the Java heap is
#     placed in the first 32GB address space. The Java Heap base address is the
#     maximum limit for the native heap growth. Please use -XX:HeapBaseMinAddress
#     to set the Java Heap base and to place the Java Heap above 32GB virtual address.
# This output file may be truncated or incomplete.
#
#  Out of Memory Error (virtualSpaceNode.cpp:110), pid=34820, tid=4872
#
# JRE version: OpenJDK Runtime Environment Temurin-17.0.5+8 (17.0.5+8) (build 17.0.5+8)
# Java VM: OpenJDK 64-Bit Server VM Temurin-17.0.5+8 (17.0.5+8, mixed mode, emulated-client, tiered, compressed oops, compressed class ptrs, g1 gc, windows-amd64)
# No core dump will be written. Minidumps are not enabled by default on client versions of Windows
#

---------------  S U M M A R Y ------------

Command Line: -Dcom.sun.management.jmxremote -Dcom.sun.management.jmxremote.port=61682 -Dcom.sun.management.jmxremote.authenticate=false -Dcom.sun.management.jmxremote.ssl=false -Djava.rmi.server.hostname=localhost -Dspring.jmx.enabled=true -Dmanagement.endpoints.jmx.exposure.include=* -Dspring.application.admin.enabled=true -XX:TieredStopAtLevel=1 -Dspring.boot.project.name=gestioncomptebancaire -Dfile.encoding=UTF-8 -XX:+ShowCodeDetailsInExceptionMessages fr.dawan.gestioncomptebancaire.GestioncomptebancaireApplication --spring.output.ansi.enabled=always

Host: Intel(R) Core(TM) i7-10750H CPU @ 2.60GHz, 12 cores, 31G,  Windows 10 , 64 bit Build 19041 (10.0.19041.1889)
Time: Thu Jan 26 15:22:40 2023 Paris, Madrid elapsed time: 0.414310 seconds (0d 0h 0m 0s)

---------------  T H R E A D  ---------------

Current thread (0x00000288d91cf810):  JavaThread "main" [_thread_in_vm, id=4872, stack(0x0000009c4ac00000,0x0000009c4ad00000)]

Stack: [0x0000009c4ac00000,0x0000009c4ad00000]
Native frames: (J=compiled Java code, j=interpreted, Vv=VM code, C=native code)
V  [jvm.dll+0x676b3a]
V  [jvm.dll+0x831444]
V  [jvm.dll+0x832bee]
V  [jvm.dll+0x833253]
V  [jvm.dll+0x244ce5]
V  [jvm.dll+0x82d4db]
V  [jvm.dll+0x61b2f6]
V  [jvm.dll+0x61b35a]
V  [jvm.dll+0x61db7a]
V  [jvm.dll+0x61bc96]
V  [jvm.dll+0x62cab9]
V  [jvm.dll+0x625e04]
V  [jvm.dll+0x37edb1]
C  0x00000288dc88c27e

Java frames: (J=compiled Java code, j=interpreted, Vv=VM code)
j  sun.util.locale.provider.CalendarDataUtility$CalendarWeekParameterGetter.<clinit>()V+0 java.base@17.0.5
v  ~StubRoutines::call_stub
j  sun.util.locale.provider.CalendarDataUtility.retrieveFirstDayOfWeek(Ljava/util/Locale;)I+263 java.base@17.0.5
j  java.util.Calendar.setWeekCountData(Ljava/util/Locale;)V+24 java.base@17.0.5
j  java.util.Calendar.<init>(Ljava/util/TimeZone;Ljava/util/Locale;)V+55 java.base@17.0.5
j  java.util.GregorianCalendar.<init>(Ljava/util/TimeZone;Ljava/util/Locale;Z)V+3 java.base@17.0.5
j  java.util.Calendar$Builder.build()Ljava/util/Calendar;+249 java.base@17.0.5
j  sun.util.locale.provider.CalendarProviderImpl.getInstance(Ljava/util/TimeZone;Ljava/util/Locale;)Ljava/util/Calendar;+21 java.base@17.0.5
j  java.util.Calendar.createCalendar(Ljava/util/TimeZone;Ljava/util/Locale;)Ljava/util/Calendar;+17 java.base@17.0.5
j  java.util.Calendar.getInstance(Ljava/util/Locale;)Ljava/util/Calendar;+5 java.base@17.0.5
j  java.text.SimpleDateFormat.initializeCalendar(Ljava/util/Locale;)V+27 java.base@17.0.5
j  java.text.SimpleDateFormat.<init>(Ljava/lang/String;Ljava/util/Locale;)V+43 java.base@17.0.5
j  java.text.SimpleDateFormat.<init>(Ljava/lang/String;)V+8 java.base@17.0.5
j  ch.qos.logback.core.util.CachingDateFormatter.<init>(Ljava/lang/String;)V+22
j  ch.qos.logback.classic.layout.TTLLLayout.<init>()V+11
j  ch.qos.logback.classic.BasicConfigurator.configure(Lch/qos/logback/classic/LoggerContext;)V+42
j  ch.qos.logback.classic.util.ContextInitializer.autoConfig()V+120
j  org.slf4j.impl.StaticLoggerBinder.init()V+11
j  org.slf4j.impl.StaticLoggerBinder.<clinit>()V+28
v  ~StubRoutines::call_stub
j  org.slf4j.LoggerFactory.bind()V+16
j  org.slf4j.LoggerFactory.performInitialization()V+0
j  org.slf4j.LoggerFactory.getILoggerFactory()Lorg/slf4j/ILoggerFactory;+21
j  org.slf4j.LoggerFactory.getLogger(Ljava/lang/String;)Lorg/slf4j/Logger;+0
j  org.apache.commons.logging.LogAdapter$Slf4jAdapter.createLocationAwareLog(Ljava/lang/String;)Lorg/apache/commons/logging/Log;+1
j  org.apache.commons.logging.LogAdapter.createLog(Ljava/lang/String;)Lorg/apache/commons/logging/Log;+42
j  org.apache.commons.logging.LogFactory.getLog(Ljava/lang/String;)Lorg/apache/commons/logging/Log;+1
j  org.apache.commons.logging.LogFactory.getLog(Ljava/lang/Class;)Lorg/apache/commons/logging/Log;+4
j  org.springframework.boot.SpringApplication.<clinit>()V+2
v  ~StubRoutines::call_stub
j  fr.dawan.gestioncomptebancaire.GestioncomptebancaireApplication.main([Ljava/lang/String;)V+3
v  ~StubRoutines::call_stub

---------------  P R O C E S S  ---------------

Threads class SMR info:
_java_thread_list=0x00000288f699cb30, length=17, elements={
0x00000288d91cf810, 0x00000288f2b286b0, 0x00000288f2b2bc70, 0x00000288f56b24d0,
0x00000288f56b2d90, 0x00000288f56b3650, 0x00000288f56b4e50, 0x00000288f56b6bf0,
0x00000288f56cb580, 0x00000288f580bec0, 0x00000288f579f010, 0x00000288f5889b30,
0x00000288f6844de0, 0x00000288f6835870, 0x00000288f6844570, 0x00000288f683fb10,
0x00000288f6974c50
}

Java Threads: ( => current thread )
=>0x00000288d91cf810 JavaThread "main" [_thread_in_vm, id=4872, stack(0x0000009c4ac00000,0x0000009c4ad00000)]
  0x00000288f2b286b0 JavaThread "Reference Handler" daemon [_thread_blocked, id=13488, stack(0x0000009c4b300000,0x0000009c4b400000)]
  0x00000288f2b2bc70 JavaThread "Finalizer" daemon [_thread_blocked, id=13712, stack(0x0000009c4b400000,0x0000009c4b500000)]
  0x00000288f56b24d0 JavaThread "Signal Dispatcher" daemon [_thread_blocked, id=13984, stack(0x0000009c4b500000,0x0000009c4b600000)]
  0x00000288f56b2d90 JavaThread "Attach Listener" daemon [_thread_blocked, id=29856, stack(0x0000009c4b600000,0x0000009c4b700000)]
  0x00000288f56b3650 JavaThread "Service Thread" daemon [_thread_blocked, id=15712, stack(0x0000009c4b700000,0x0000009c4b800000)]
  0x00000288f56b4e50 JavaThread "Monitor Deflation Thread" daemon [_thread_blocked, id=19832, stack(0x0000009c4b800000,0x0000009c4b900000)]
  0x00000288f56b6bf0 JavaThread "C1 CompilerThread0" daemon [_thread_blocked, id=37592, stack(0x0000009c4b900000,0x0000009c4ba00000)]
  0x00000288f56cb580 JavaThread "Sweeper thread" daemon [_thread_blocked, id=37368, stack(0x0000009c4ba00000,0x0000009c4bb00000)]
  0x00000288f580bec0 JavaThread "Common-Cleaner" daemon [_thread_blocked, id=13116, stack(0x0000009c4bb00000,0x0000009c4bc00000)]
  0x00000288f579f010 JavaThread "C1 CompilerThread1" daemon [_thread_blocked, id=18884, stack(0x0000009c4bc00000,0x0000009c4bd00000)]
  0x00000288f5889b30 JavaThread "Notification Thread" daemon [_thread_blocked, id=34956, stack(0x0000009c4bd00000,0x0000009c4be00000)]
  0x00000288f6844de0 JavaThread "C1 CompilerThread2" daemon [_thread_blocked, id=20256, stack(0x0000009c4be00000,0x0000009c4bf00000)]
  0x00000288f6835870 JavaThread "C1 CompilerThread3" daemon [_thread_blocked, id=16576, stack(0x0000009c4bf00000,0x0000009c4c000000)]
  0x00000288f6844570 JavaThread "RMI TCP Accept-0" daemon [_thread_in_native, id=7512, stack(0x0000009c4c000000,0x0000009c4c100000)]
  0x00000288f683fb10 JavaThread "RMI TCP Accept-61682" daemon [_thread_in_native, id=27028, stack(0x0000009c4c100000,0x0000009c4c200000)]
  0x00000288f6974c50 JavaThread "RMI TCP Accept-0" daemon [_thread_in_native, id=37148, stack(0x0000009c4c200000,0x0000009c4c300000)]

Other Threads:
  0x00000288f5681010 VMThread "VM Thread" [stack: 0x0000009c4b200000,0x0000009c4b300000] [id=29544]
  0x00000288d91d04d0 WatcherThread [stack: 0x0000009c4c300000,0x0000009c4c400000] [id=22184]
  0x00000288d927ed80 GCTaskThread "GC Thread#0" [stack: 0x0000009c4ad00000,0x0000009c4ae00000] [id=30208]
  0x00000288f2933fe0 ConcurrentGCThread "G1 Main Marker" [stack: 0x0000009c4ae00000,0x0000009c4af00000] [id=36268]
  0x00000288f2934800 ConcurrentGCThread "G1 Conc#0" [stack: 0x0000009c4af00000,0x0000009c4b000000] [id=1932]
  0x00000288f2a12200 ConcurrentGCThread "G1 Refine#0" [stack: 0x0000009c4b000000,0x0000009c4b100000] [id=30984]
  0x00000288f2a12a30 ConcurrentGCThread "G1 Service" [stack: 0x0000009c4b100000,0x0000009c4b200000] [id=26116]

Threads with active compile tasks:

VM state: not at safepoint (normal execution)

VM Mutex/Monitor currently owned by a thread:  ([mutex/lock_event])
[0x00000288d91ca1d0] Metaspace_lock - owner thread: 0x00000288d91cf810

Heap address: 0x0000000605800000, size: 8104 MB, Compressed Oops mode: Zero based, Oop shift amount: 3

CDS archive(s) not mapped
Compressed class space mapped at: 0x0000000800000000-0x0000000840000000, reserved size: 1073741824
Narrow klass base: 0x0000000800000000, Narrow klass shift: 0, Narrow klass range: 0x40000000

GC Precious Log:
 CPUs: 12 total, 12 available
 Memory: 32401M
 Large Page Support: Disabled
 NUMA Support: Disabled
 Compressed Oops: Enabled (Zero based)
 Heap Region Size: 4M
 Heap Min Capacity: 8M
 Heap Initial Capacity: 508M
 Heap Max Capacity: 8104M
 Pre-touch: Disabled
 Parallel Workers: 10
 Concurrent Workers: 3
 Concurrent Refinement Workers: 10
 Periodic GC: Disabled

Heap:
 garbage-first heap   total 520192K, used 8192K [0x0000000605800000, 0x0000000800000000)
  region size 4096K, 4 young (16384K), 0 survivors (0K)
 Metaspace       used 13543K, committed 13696K, reserved 1064960K
  class space    used 1380K, committed 1472K, reserved 1048576K

Heap Regions: E=young(eden), S=young(survivor), O=old, HS=humongous(starts), HC=humongous(continues), CS=collection set, F=free, OA=open archive, CA=closed archive, TAMS=top-at-mark-start (previous, next)
|   0|0x0000000605800000, 0x0000000605800000, 0x0000000605c00000|  0%| F|  |TAMS 0x0000000605800000, 0x0000000605800000| Untracked 
|   1|0x0000000605c00000, 0x0000000605c00000, 0x0000000606000000|  0%| F|  |TAMS 0x0000000605c00000, 0x0000000605c00000| Untracked 
|   2|0x0000000606000000, 0x0000000606000000, 0x0000000606400000|  0%| F|  |TAMS 0x0000000606000000, 0x0000000606000000| Untracked 
|   3|0x0000000606400000, 0x0000000606400000, 0x0000000606800000|  0%| F|  |TAMS 0x0000000606400000, 0x0000000606400000| Untracked 
|   4|0x0000000606800000, 0x0000000606800000, 0x0000000606c00000|  0%| F|  |TAMS 0x0000000606800000, 0x0000000606800000| Untracked 
|   5|0x0000000606c00000, 0x0000000606c00000, 0x0000000607000000|  0%| F|  |TAMS 0x0000000606c00000, 0x0000000606c00000| Untracked 
|   6|0x0000000607000000, 0x0000000607000000, 0x0000000607400000|  0%| F|  |TAMS 0x0000000607000000, 0x0000000607000000| Untracked 
|   7|0x0000000607400000, 0x0000000607400000, 0x0000000607800000|  0%| F|  |TAMS 0x0000000607400000, 0x0000000607400000| Untracked 
|   8|0x0000000607800000, 0x0000000607800000, 0x0000000607c00000|  0%| F|  |TAMS 0x0000000607800000, 0x0000000607800000| Untracked 
|   9|0x0000000607c00000, 0x0000000607c00000, 0x0000000608000000|  0%| F|  |TAMS 0x0000000607c00000, 0x0000000607c00000| Untracked 
|  10|0x0000000608000000, 0x0000000608000000, 0x0000000608400000|  0%| F|  |TAMS 0x0000000608000000, 0x0000000608000000| Untracked 
|  11|0x0000000608400000, 0x0000000608400000, 0x0000000608800000|  0%| F|  |TAMS 0x0000000608400000, 0x0000000608400000| Untracked 
|  12|0x0000000608800000, 0x0000000608800000, 0x0000000608c00000|  0%| F|  |TAMS 0x0000000608800000, 0x0000000608800000| Untracked 
|  13|0x0000000608c00000, 0x0000000608c00000, 0x0000000609000000|  0%| F|  |TAMS 0x0000000608c00000, 0x0000000608c00000| Untracked 
|  14|0x0000000609000000, 0x0000000609000000, 0x0000000609400000|  0%| F|  |TAMS 0x0000000609000000, 0x0000000609000000| Untracked 
|  15|0x0000000609400000, 0x0000000609400000, 0x0000000609800000|  0%| F|  |TAMS 0x0000000609400000, 0x0000000609400000| Untracked 
|  16|0x0000000609800000, 0x0000000609800000, 0x0000000609c00000|  0%| F|  |TAMS 0x0000000609800000, 0x0000000609800000| Untracked 
|  17|0x0000000609c00000, 0x0000000609c00000, 0x000000060a000000|  0%| F|  |TAMS 0x0000000609c00000, 0x0000000609c00000| Untracked 
|  18|0x000000060a000000, 0x000000060a000000, 0x000000060a400000|  0%| F|  |TAMS 0x000000060a000000, 0x000000060a000000| Untracked 
|  19|0x000000060a400000, 0x000000060a400000, 0x000000060a800000|  0%| F|  |TAMS 0x000000060a400000, 0x000000060a400000| Untracked 
|  20|0x000000060a800000, 0x000000060a800000, 0x000000060ac00000|  0%| F|  |TAMS 0x000000060a800000, 0x000000060a800000| Untracked 
|  21|0x000000060ac00000, 0x000000060ac00000, 0x000000060b000000|  0%| F|  |TAMS 0x000000060ac00000, 0x000000060ac00000| Untracked 
|  22|0x000000060b000000, 0x000000060b000000, 0x000000060b400000|  0%| F|  |TAMS 0x000000060b000000, 0x000000060b000000| Untracked 
|  23|0x000000060b400000, 0x000000060b400000, 0x000000060b800000|  0%| F|  |TAMS 0x000000060b400000, 0x000000060b400000| Untracked 
|  24|0x000000060b800000, 0x000000060b800000, 0x000000060bc00000|  0%| F|  |TAMS 0x000000060b800000, 0x000000060b800000| Untracked 
|  25|0x000000060bc00000, 0x000000060bc00000, 0x000000060c000000|  0%| F|  |TAMS 0x000000060bc00000, 0x000000060bc00000| Untracked 
|  26|0x000000060c000000, 0x000000060c000000, 0x000000060c400000|  0%| F|  |TAMS 0x000000060c000000, 0x000000060c000000| Untracked 
|  27|0x000000060c400000, 0x000000060c400000, 0x000000060c800000|  0%| F|  |TAMS 0x000000060c400000, 0x000000060c400000| Untracked 
|  28|0x000000060c800000, 0x000000060c800000, 0x000000060cc00000|  0%| F|  |TAMS 0x000000060c800000, 0x000000060c800000| Untracked 
|  29|0x000000060cc00000, 0x000000060cc00000, 0x000000060d000000|  0%| F|  |TAMS 0x000000060cc00000, 0x000000060cc00000| Untracked 
|  30|0x000000060d000000, 0x000000060d000000, 0x000000060d400000|  0%| F|  |TAMS 0x000000060d000000, 0x000000060d000000| Untracked 
|  31|0x000000060d400000, 0x000000060d400000, 0x000000060d800000|  0%| F|  |TAMS 0x000000060d400000, 0x000000060d400000| Untracked 
|  32|0x000000060d800000, 0x000000060d800000, 0x000000060dc00000|  0%| F|  |TAMS 0x000000060d800000, 0x000000060d800000| Untracked 
|  33|0x000000060dc00000, 0x000000060dc00000, 0x000000060e000000|  0%| F|  |TAMS 0x000000060dc00000, 0x000000060dc00000| Untracked 
|  34|0x000000060e000000, 0x000000060e000000, 0x000000060e400000|  0%| F|  |TAMS 0x000000060e000000, 0x000000060e000000| Untracked 
|  35|0x000000060e400000, 0x000000060e400000, 0x000000060e800000|  0%| F|  |TAMS 0x000000060e400000, 0x000000060e400000| Untracked 
|  36|0x000000060e800000, 0x000000060e800000, 0x000000060ec00000|  0%| F|  |TAMS 0x000000060e800000, 0x000000060e800000| Untracked 
|  37|0x000000060ec00000, 0x000000060ec00000, 0x000000060f000000|  0%| F|  |TAMS 0x000000060ec00000, 0x000000060ec00000| Untracked 
|  38|0x000000060f000000, 0x000000060f000000, 0x000000060f400000|  0%| F|  |TAMS 0x000000060f000000, 0x000000060f000000| Untracked 
|  39|0x000000060f400000, 0x000000060f400000, 0x000000060f800000|  0%| F|  |TAMS 0x000000060f400000, 0x000000060f400000| Untracked 
|  40|0x000000060f800000, 0x000000060f800000, 0x000000060fc00000|  0%| F|  |TAMS 0x000000060f800000, 0x000000060f800000| Untracked 
|  41|0x000000060fc00000, 0x000000060fc00000, 0x0000000610000000|  0%| F|  |TAMS 0x000000060fc00000, 0x000000060fc00000| Untracked 
|  42|0x0000000610000000, 0x0000000610000000, 0x0000000610400000|  0%| F|  |TAMS 0x0000000610000000, 0x0000000610000000| Untracked 
|  43|0x0000000610400000, 0x0000000610400000, 0x0000000610800000|  0%| F|  |TAMS 0x0000000610400000, 0x0000000610400000| Untracked 
|  44|0x0000000610800000, 0x0000000610800000, 0x0000000610c00000|  0%| F|  |TAMS 0x0000000610800000, 0x0000000610800000| Untracked 
|  45|0x0000000610c00000, 0x0000000610c00000, 0x0000000611000000|  0%| F|  |TAMS 0x0000000610c00000, 0x0000000610c00000| Untracked 
|  46|0x0000000611000000, 0x0000000611000000, 0x0000000611400000|  0%| F|  |TAMS 0x0000000611000000, 0x0000000611000000| Untracked 
|  47|0x0000000611400000, 0x0000000611400000, 0x0000000611800000|  0%| F|  |TAMS 0x0000000611400000, 0x0000000611400000| Untracked 
|  48|0x0000000611800000, 0x0000000611800000, 0x0000000611c00000|  0%| F|  |TAMS 0x0000000611800000, 0x0000000611800000| Untracked 
|  49|0x0000000611c00000, 0x0000000611c00000, 0x0000000612000000|  0%| F|  |TAMS 0x0000000611c00000, 0x0000000611c00000| Untracked 
|  50|0x0000000612000000, 0x0000000612000000, 0x0000000612400000|  0%| F|  |TAMS 0x0000000612000000, 0x0000000612000000| Untracked 
|  51|0x0000000612400000, 0x0000000612400000, 0x0000000612800000|  0%| F|  |TAMS 0x0000000612400000, 0x0000000612400000| Untracked 
|  52|0x0000000612800000, 0x0000000612800000, 0x0000000612c00000|  0%| F|  |TAMS 0x0000000612800000, 0x0000000612800000| Untracked 
|  53|0x0000000612c00000, 0x0000000612c00000, 0x0000000613000000|  0%| F|  |TAMS 0x0000000612c00000, 0x0000000612c00000| Untracked 
|  54|0x0000000613000000, 0x0000000613000000, 0x0000000613400000|  0%| F|  |TAMS 0x0000000613000000, 0x0000000613000000| Untracked 
|  55|0x0000000613400000, 0x0000000613400000, 0x0000000613800000|  0%| F|  |TAMS 0x0000000613400000, 0x0000000613400000| Untracked 
|  56|0x0000000613800000, 0x0000000613800000, 0x0000000613c00000|  0%| F|  |TAMS 0x0000000613800000, 0x0000000613800000| Untracked 
|  57|0x0000000613c00000, 0x0000000613c00000, 0x0000000614000000|  0%| F|  |TAMS 0x0000000613c00000, 0x0000000613c00000| Untracked 
|  58|0x0000000614000000, 0x0000000614000000, 0x0000000614400000|  0%| F|  |TAMS 0x0000000614000000, 0x0000000614000000| Untracked 
|  59|0x0000000614400000, 0x0000000614400000, 0x0000000614800000|  0%| F|  |TAMS 0x0000000614400000, 0x0000000614400000| Untracked 
|  60|0x0000000614800000, 0x0000000614800000, 0x0000000614c00000|  0%| F|  |TAMS 0x0000000614800000, 0x0000000614800000| Untracked 
|  61|0x0000000614c00000, 0x0000000614c00000, 0x0000000615000000|  0%| F|  |TAMS 0x0000000614c00000, 0x0000000614c00000| Untracked 
|  62|0x0000000615000000, 0x0000000615000000, 0x0000000615400000|  0%| F|  |TAMS 0x0000000615000000, 0x0000000615000000| Untracked 
|  63|0x0000000615400000, 0x0000000615400000, 0x0000000615800000|  0%| F|  |TAMS 0x0000000615400000, 0x0000000615400000| Untracked 
|  64|0x0000000615800000, 0x0000000615800000, 0x0000000615c00000|  0%| F|  |TAMS 0x0000000615800000, 0x0000000615800000| Untracked 
|  65|0x0000000615c00000, 0x0000000615c00000, 0x0000000616000000|  0%| F|  |TAMS 0x0000000615c00000, 0x0000000615c00000| Untracked 
|  66|0x0000000616000000, 0x0000000616000000, 0x0000000616400000|  0%| F|  |TAMS 0x0000000616000000, 0x0000000616000000| Untracked 
|  67|0x0000000616400000, 0x0000000616400000, 0x0000000616800000|  0%| F|  |TAMS 0x0000000616400000, 0x0000000616400000| Untracked 
|  68|0x0000000616800000, 0x0000000616800000, 0x0000000616c00000|  0%| F|  |TAMS 0x0000000616800000, 0x0000000616800000| Untracked 
|  69|0x0000000616c00000, 0x0000000616c00000, 0x0000000617000000|  0%| F|  |TAMS 0x0000000616c00000, 0x0000000616c00000| Untracked 
|  70|0x0000000617000000, 0x0000000617000000, 0x0000000617400000|  0%| F|  |TAMS 0x0000000617000000, 0x0000000617000000| Untracked 
|  71|0x0000000617400000, 0x0000000617400000, 0x0000000617800000|  0%| F|  |TAMS 0x0000000617400000, 0x0000000617400000| Untracked 
|  72|0x0000000617800000, 0x0000000617800000, 0x0000000617c00000|  0%| F|  |TAMS 0x0000000617800000, 0x0000000617800000| Untracked 
|  73|0x0000000617c00000, 0x0000000617c00000, 0x0000000618000000|  0%| F|  |TAMS 0x0000000617c00000, 0x0000000617c00000| Untracked 
|  74|0x0000000618000000, 0x0000000618000000, 0x0000000618400000|  0%| F|  |TAMS 0x0000000618000000, 0x0000000618000000| Untracked 
|  75|0x0000000618400000, 0x0000000618400000, 0x0000000618800000|  0%| F|  |TAMS 0x0000000618400000, 0x0000000618400000| Untracked 
|  76|0x0000000618800000, 0x0000000618800000, 0x0000000618c00000|  0%| F|  |TAMS 0x0000000618800000, 0x0000000618800000| Untracked 
|  77|0x0000000618c00000, 0x0000000618c00000, 0x0000000619000000|  0%| F|  |TAMS 0x0000000618c00000, 0x0000000618c00000| Untracked 
|  78|0x0000000619000000, 0x0000000619000000, 0x0000000619400000|  0%| F|  |TAMS 0x0000000619000000, 0x0000000619000000| Untracked 
|  79|0x0000000619400000, 0x0000000619400000, 0x0000000619800000|  0%| F|  |TAMS 0x0000000619400000, 0x0000000619400000| Untracked 
|  80|0x0000000619800000, 0x0000000619800000, 0x0000000619c00000|  0%| F|  |TAMS 0x0000000619800000, 0x0000000619800000| Untracked 
|  81|0x0000000619c00000, 0x0000000619c00000, 0x000000061a000000|  0%| F|  |TAMS 0x0000000619c00000, 0x0000000619c00000| Untracked 
|  82|0x000000061a000000, 0x000000061a000000, 0x000000061a400000|  0%| F|  |TAMS 0x000000061a000000, 0x000000061a000000| Untracked 
|  83|0x000000061a400000, 0x000000061a400000, 0x000000061a800000|  0%| F|  |TAMS 0x000000061a400000, 0x000000061a400000| Untracked 
|  84|0x000000061a800000, 0x000000061a800000, 0x000000061ac00000|  0%| F|  |TAMS 0x000000061a800000, 0x000000061a800000| Untracked 
|  85|0x000000061ac00000, 0x000000061ac00000, 0x000000061b000000|  0%| F|  |TAMS 0x000000061ac00000, 0x000000061ac00000| Untracked 
|  86|0x000000061b000000, 0x000000061b000000, 0x000000061b400000|  0%| F|  |TAMS 0x000000061b000000, 0x000000061b000000| Untracked 
|  87|0x000000061b400000, 0x000000061b400000, 0x000000061b800000|  0%| F|  |TAMS 0x000000061b400000, 0x000000061b400000| Untracked 
|  88|0x000000061b800000, 0x000000061b800000, 0x000000061bc00000|  0%| F|  |TAMS 0x000000061b800000, 0x000000061b800000| Untracked 
|  89|0x000000061bc00000, 0x000000061bc00000, 0x000000061c000000|  0%| F|  |TAMS 0x000000061bc00000, 0x000000061bc00000| Untracked 
|  90|0x000000061c000000, 0x000000061c000000, 0x000000061c400000|  0%| F|  |TAMS 0x000000061c000000, 0x000000061c000000| Untracked 
|  91|0x000000061c400000, 0x000000061c400000, 0x000000061c800000|  0%| F|  |TAMS 0x000000061c400000, 0x000000061c400000| Untracked 
|  92|0x000000061c800000, 0x000000061c800000, 0x000000061cc00000|  0%| F|  |TAMS 0x000000061c800000, 0x000000061c800000| Untracked 
|  93|0x000000061cc00000, 0x000000061cc00000, 0x000000061d000000|  0%| F|  |TAMS 0x000000061cc00000, 0x000000061cc00000| Untracked 
|  94|0x000000061d000000, 0x000000061d000000, 0x000000061d400000|  0%| F|  |TAMS 0x000000061d000000, 0x000000061d000000| Untracked 
|  95|0x000000061d400000, 0x000000061d400000, 0x000000061d800000|  0%| F|  |TAMS 0x000000061d400000, 0x000000061d400000| Untracked 
|  96|0x000000061d800000, 0x000000061d800000, 0x000000061dc00000|  0%| F|  |TAMS 0x000000061d800000, 0x000000061d800000| Untracked 
|  97|0x000000061dc00000, 0x000000061dc00000, 0x000000061e000000|  0%| F|  |TAMS 0x000000061dc00000, 0x000000061dc00000| Untracked 
|  98|0x000000061e000000, 0x000000061e000000, 0x000000061e400000|  0%| F|  |TAMS 0x000000061e000000, 0x000000061e000000| Untracked 
|  99|0x000000061e400000, 0x000000061e400000, 0x000000061e800000|  0%| F|  |TAMS 0x000000061e400000, 0x000000061e400000| Untracked 
| 100|0x000000061e800000, 0x000000061e800000, 0x000000061ec00000|  0%| F|  |TAMS 0x000000061e800000, 0x000000061e800000| Untracked 
| 101|0x000000061ec00000, 0x000000061ec00000, 0x000000061f000000|  0%| F|  |TAMS 0x000000061ec00000, 0x000000061ec00000| Untracked 
| 102|0x000000061f000000, 0x000000061f000000, 0x000000061f400000|  0%| F|  |TAMS 0x000000061f000000, 0x000000061f000000| Untracked 
| 103|0x000000061f400000, 0x000000061f400000, 0x000000061f800000|  0%| F|  |TAMS 0x000000061f400000, 0x000000061f400000| Untracked 
| 104|0x000000061f800000, 0x000000061f800000, 0x000000061fc00000|  0%| F|  |TAMS 0x000000061f800000, 0x000000061f800000| Untracked 
| 105|0x000000061fc00000, 0x000000061fc00000, 0x0000000620000000|  0%| F|  |TAMS 0x000000061fc00000, 0x000000061fc00000| Untracked 
| 106|0x0000000620000000, 0x0000000620000000, 0x0000000620400000|  0%| F|  |TAMS 0x0000000620000000, 0x0000000620000000| Untracked 
| 107|0x0000000620400000, 0x0000000620400000, 0x0000000620800000|  0%| F|  |TAMS 0x0000000620400000, 0x0000000620400000| Untracked 
| 108|0x0000000620800000, 0x0000000620800000, 0x0000000620c00000|  0%| F|  |TAMS 0x0000000620800000, 0x0000000620800000| Untracked 
| 109|0x0000000620c00000, 0x0000000620c00000, 0x0000000621000000|  0%| F|  |TAMS 0x0000000620c00000, 0x0000000620c00000| Untracked 
| 110|0x0000000621000000, 0x0000000621000000, 0x0000000621400000|  0%| F|  |TAMS 0x0000000621000000, 0x0000000621000000| Untracked 
| 111|0x0000000621400000, 0x0000000621400000, 0x0000000621800000|  0%| F|  |TAMS 0x0000000621400000, 0x0000000621400000| Untracked 
| 112|0x0000000621800000, 0x0000000621800000, 0x0000000621c00000|  0%| F|  |TAMS 0x0000000621800000, 0x0000000621800000| Untracked 
| 113|0x0000000621c00000, 0x0000000621c00000, 0x0000000622000000|  0%| F|  |TAMS 0x0000000621c00000, 0x0000000621c00000| Untracked 
| 114|0x0000000622000000, 0x0000000622000000, 0x0000000622400000|  0%| F|  |TAMS 0x0000000622000000, 0x0000000622000000| Untracked 
| 115|0x0000000622400000, 0x0000000622400000, 0x0000000622800000|  0%| F|  |TAMS 0x0000000622400000, 0x0000000622400000| Untracked 
| 116|0x0000000622800000, 0x0000000622800000, 0x0000000622c00000|  0%| F|  |TAMS 0x0000000622800000, 0x0000000622800000| Untracked 
| 117|0x0000000622c00000, 0x0000000622c00000, 0x0000000623000000|  0%| F|  |TAMS 0x0000000622c00000, 0x0000000622c00000| Untracked 
| 118|0x0000000623000000, 0x0000000623000000, 0x0000000623400000|  0%| F|  |TAMS 0x0000000623000000, 0x0000000623000000| Untracked 
| 119|0x0000000623400000, 0x0000000623400000, 0x0000000623800000|  0%| F|  |TAMS 0x0000000623400000, 0x0000000623400000| Untracked 
| 120|0x0000000623800000, 0x0000000623800000, 0x0000000623c00000|  0%| F|  |TAMS 0x0000000623800000, 0x0000000623800000| Untracked 
| 121|0x0000000623c00000, 0x0000000623c00000, 0x0000000624000000|  0%| F|  |TAMS 0x0000000623c00000, 0x0000000623c00000| Untracked 
| 122|0x0000000624000000, 0x0000000624000000, 0x0000000624400000|  0%| F|  |TAMS 0x0000000624000000, 0x0000000624000000| Untracked 
| 123|0x0000000624400000, 0x0000000624800000, 0x0000000624800000|100%| E|  |TAMS 0x0000000624400000, 0x0000000624400000| Complete 
| 124|0x0000000624800000, 0x0000000624c00000, 0x0000000624c00000|100%| E|CS|TAMS 0x0000000624800000, 0x0000000624800000| Complete 
| 125|0x0000000624c00000, 0x0000000625000000, 0x0000000625000000|100%| E|CS|TAMS 0x0000000624c00000, 0x0000000624c00000| Complete 
| 126|0x0000000625000000, 0x0000000625400000, 0x0000000625400000|100%| E|  |TAMS 0x0000000625000000, 0x0000000625000000| Complete 

Card table byte_map: [0x00000288e0ba0000,0x00000288e1b80000] _byte_map_base: 0x00000288ddb74000

Marking Bits (Prev, Next): (CMBitMap*) 0x00000288d927f1a0, (CMBitMap*) 0x00000288d927f1e0
 Prev Bits: [0x00000288e2b60000, 0x00000288eaa00000)
 Next Bits: [0x00000288eaa00000, 0x00000288f28a0000)

Polling page: 0x00000288d6eb0000

Metaspace:

Usage:
  Non-class:     11.88 MB used.
      Class:      1.35 MB used.
       Both:     13.23 MB used.

Virtual space:
  Non-class space:       16.00 MB reserved,      11.94 MB ( 75%) committed,  2 nodes.
      Class space:        1.00 GB reserved,       1.44 MB ( <1%) committed,  1 nodes.
             Both:        1.02 GB reserved,      13.38 MB (  1%) committed. 

Chunk freelists:
   Non-Class:  3.95 MB
       Class:  2.53 MB
        Both:  6.48 MB

MaxMetaspaceSize: unlimited
CompressedClassSpaceSize: 1.00 GB
Initial GC threshold: 21.00 MB
Current GC threshold: 21.00 MB
CDS: off
MetaspaceReclaimPolicy: balanced
 - commit_granule_bytes: 65536.
 - commit_granule_words: 8192.
 - virtual_space_node_default_size: 1048576.
 - enlarge_chunks_in_place: 1.
 - new_chunks_are_fully_committed: 0.
 - uncommit_free_chunks: 1.
 - use_allocation_guard: 0.
 - handle_deallocations: 1.


Internal statistics:

num_allocs_failed_limit: 0.
num_arena_births: 96.
num_arena_deaths: 0.
num_vsnodes_births: 3.
num_vsnodes_deaths: 0.
num_space_committed: 214.
num_space_uncommitted: 0.
num_chunks_returned_to_freelist: 0.
num_chunks_taken_from_freelist: 182.
num_chunk_merges: 0.
num_chunk_splits: 99.
num_chunks_enlarged: 46.
num_purges: 0.
num_inconsistent_stats: 0.

CodeCache: size=49152Kb used=4205Kb max_used=4205Kb free=44946Kb
 bounds [0x00000288dc880000, 0x00000288dcca0000, 0x00000288df880000]
 total_blobs=1447 nmethods=1005 adapters=367
 compilation: disabled (not enough contiguous free space left)
              stopped_count=1, restarted_count=0
 full_count=1

Compilation events (20 events):
Event: 0.410 Thread 0x00000288f56b6bf0 nmethod 994 0x00000288dcc96490 code [0x00000288dcc96680, 0x00000288dcc96b38]
Event: 0.410 Thread 0x00000288f56b6bf0  999       1       java.io.DataInputStream::readFully (9 bytes)
Event: 0.410 Thread 0x00000288f6844de0 nmethod 998 0x00000288dcc96d10 code [0x00000288dcc96ec0, 0x00000288dcc97068]
Event: 0.410 Thread 0x00000288f56b6bf0 nmethod 999 0x00000288dcc97190 code [0x00000288dcc97320, 0x00000288dcc97408]
Event: 0.410 Thread 0x00000288f6835870 nmethod 992 0x00000288dcc97510 code [0x00000288dcc97860, 0x00000288dcc98ad8]
Event: 0.410 Thread 0x00000288f6844de0 1000  s    1       java.io.ByteArrayInputStream::read (36 bytes)
Event: 0.410 Thread 0x00000288f56b6bf0 1001       1       java.io.DataInputStream::readByte (23 bytes)
Event: 0.411 Thread 0x00000288f6844de0 nmethod 1000 0x00000288dcc99490 code [0x00000288dcc99620, 0x00000288dcc997f8]
Event: 0.411 Thread 0x00000288f56b6bf0 nmethod 1001 0x00000288dcc99910 code [0x00000288dcc99ac0, 0x00000288dcc99c18]
Event: 0.411 Thread 0x00000288f56b6bf0 1002       1       sun.util.calendar.ZoneInfoFile::indexOf (32 bytes)
Event: 0.411 Thread 0x00000288f56b6bf0 nmethod 1002 0x00000288dcc99d10 code [0x00000288dcc99ea0, 0x00000288dcc99ff8]
Event: 0.411 Thread 0x00000288f56b6bf0 1003       1       java.util.zip.Checksum::update (11 bytes)
Event: 0.411 Thread 0x00000288f6835870 1004       1       java.util.zip.CRC32::update (51 bytes)
Event: 0.411 Thread 0x00000288f6844de0 1005       1       java.util.zip.CRC32::updateBytes (14 bytes)
Event: 0.411 Thread 0x00000288f56b6bf0 nmethod 1003 0x00000288dcc9a110 code [0x00000288dcc9a2a0, 0x00000288dcc9a3c8]
Event: 0.411 Thread 0x00000288f56b6bf0 1006       1       java.util.zip.CRC32::updateBytesCheck (55 bytes)
Event: 0.411 Thread 0x00000288f6844de0 nmethod 1005 0x00000288dcc9a490 code [0x00000288dcc9a620, 0x00000288dcc9a708]
Event: 0.411 Thread 0x00000288f6835870 nmethod 1004 0x00000288dcc9a790 code [0x00000288dcc9a940, 0x00000288dcc9abc8]
Event: 0.411 Thread 0x00000288f56b6bf0 nmethod 1006 0x00000288dcc9ad10 code [0x00000288dcc9aee0, 0x00000288dcc9b1e8]
Event: 0.411 Thread 0x00000288f579f010 


GC Heap History (0 events):
No events

Dll operation events (8 events):
Event: 0.005 Loaded shared library C:\Users\Admin stagiaire.DESKTOP-8967908\Downloads\sts-4.17.1.RELEASE\plugins\org.eclipse.justj.openjdk.hotspot.jre.full.win32.x86_64_17.0.5.v20221102-0933\jre\bin\java.dll
Event: 0.120 Loaded shared library C:\Users\Admin stagiaire.DESKTOP-8967908\Downloads\sts-4.17.1.RELEASE\plugins\org.eclipse.justj.openjdk.hotspot.jre.full.win32.x86_64_17.0.5.v20221102-0933\jre\bin\jimage.dll
Event: 0.131 Loaded shared library C:\Users\Admin stagiaire.DESKTOP-8967908\Downloads\sts-4.17.1.RELEASE\plugins\org.eclipse.justj.openjdk.hotspot.jre.full.win32.x86_64_17.0.5.v20221102-0933\jre\bin\net.dll
Event: 0.132 Loaded shared library C:\Users\Admin stagiaire.DESKTOP-8967908\Downloads\sts-4.17.1.RELEASE\plugins\org.eclipse.justj.openjdk.hotspot.jre.full.win32.x86_64_17.0.5.v20221102-0933\jre\bin\nio.dll
Event: 0.136 Loaded shared library C:\Users\Admin stagiaire.DESKTOP-8967908\Downloads\sts-4.17.1.RELEASE\plugins\org.eclipse.justj.openjdk.hotspot.jre.full.win32.x86_64_17.0.5.v20221102-0933\jre\bin\zip.dll
Event: 0.168 Loaded shared library C:\Users\Admin stagiaire.DESKTOP-8967908\Downloads\sts-4.17.1.RELEASE\plugins\org.eclipse.justj.openjdk.hotspot.jre.full.win32.x86_64_17.0.5.v20221102-0933\jre\bin\management.dll
Event: 0.178 Loaded shared library C:\Users\Admin stagiaire.DESKTOP-8967908\Downloads\sts-4.17.1.RELEASE\plugins\org.eclipse.justj.openjdk.hotspot.jre.full.win32.x86_64_17.0.5.v20221102-0933\jre\bin\management_ext.dll
Event: 0.377 Loaded shared library C:\Users\Admin stagiaire.DESKTOP-8967908\Downloads\sts-4.17.1.RELEASE\plugins\org.eclipse.justj.openjdk.hotspot.jre.full.win32.x86_64_17.0.5.v20221102-0933\jre\bin\verify.dll

Deoptimization events (0 events):
No events

Classes unloaded (0 events):
No events

Classes redefined (0 events):
No events

Internal exceptions (13 events):
Event: 0.167 Thread 0x00000288d91cf810 Exception <a 'java/lang/NoSuchMethodError'{0x0000000624f3b440}: 'java.lang.Object java.lang.invoke.DirectMethodHandle$Holder.invokeStaticInit(java.lang.Object)'> (0x0000000624f3b440) 
thrown [s\src\hotspot\share\interpreter\linkResolver.cpp, line 759]
Event: 0.182 Thread 0x00000288d91cf810 Exception <a 'java/lang/NoSuchMethodError'{0x0000000624f573d8}: 'int java.lang.invoke.DirectMethodHandle$Holder.invokeInterface(java.lang.Object, java.lang.Object)'> (0x0000000624f573d8) 
thrown [s\src\hotspot\share\interpreter\linkResolver.cpp, line 759]
Event: 0.182 Thread 0x00000288d91cf810 Exception <a 'java/lang/IncompatibleClassChangeError'{0x0000000624f5a9d8}: Found class java.lang.Object, but interface was expected> (0x0000000624f5a9d8) 
thrown [s\src\hotspot\share\interpreter\linkResolver.cpp, line 826]
Event: 0.183 Thread 0x00000288d91cf810 Exception <a 'java/lang/NoSuchMethodError'{0x0000000624f60588}: 'void java.lang.invoke.DirectMethodHandle$Holder.invokeStatic(java.lang.Object, java.lang.Object)'> (0x0000000624f60588) 
thrown [s\src\hotspot\share\interpreter\linkResolver.cpp, line 759]
Event: 0.216 Thread 0x00000288d91cf810 Exception <a 'java/lang/NoSuchMethodError'{0x000000062482e5b0}: 'int java.lang.invoke.DirectMethodHandle$Holder.invokeSpecial(java.lang.Object, java.lang.Object, java.lang.Object)'> (0x000000062482e5b0) 
thrown [s\src\hotspot\share\interpreter\linkResolver.cpp, line 759]
Event: 0.250 Thread 0x00000288d91cf810 Exception <a 'java/lang/NoSuchMethodError'{0x0000000624938af8}: 'void java.lang.invoke.DirectMethodHandle$Holder.invokeStatic(java.lang.Object, java.lang.Object, java.lang.Object)'> (0x0000000624938af8) 
thrown [s\src\hotspot\share\interpreter\linkResolver.cpp, line 759]
Event: 0.268 Thread 0x00000288d91cf810 Exception <a 'java/lang/NoSuchMethodError'{0x0000000624983460}: 'int java.lang.invoke.DirectMethodHandle$Holder.invokeSpecialIFC(java.lang.Object, java.lang.Object, java.lang.Object)'> (0x0000000624983460) 
thrown [s\src\hotspot\share\interpreter\linkResolver.cpp, line 759]
Event: 0.288 Thread 0x00000288d91cf810 Exception <a 'java/lang/NoSuchMethodError'{0x00000006249f9660}: 'java.lang.Object java.lang.invoke.DirectMethodHandle$Holder.invokeStaticInit(java.lang.Object, int, int, int, int)'> (0x00000006249f9660) 
thrown [s\src\hotspot\share\interpreter\linkResolver.cpp, line 759]
Event: 0.316 Thread 0x00000288d91cf810 Exception <a 'java/lang/NoSuchMethodError'{0x0000000624ad5028}: 'java.lang.Object java.lang.invoke.DirectMethodHandle$Holder.invokeStaticInit(java.lang.Object, java.lang.Object, int, int, int, int)'> (0x0000000624ad5028) 
thrown [s\src\hotspot\share\interpreter\linkResolver.cpp, line 759]
Event: 0.323 Thread 0x00000288d91cf810 Exception <a 'java/lang/ClassNotFoundException'{0x0000000624af0788}: javax/management/remote/rmi/RMIServerImpl_Skel> (0x0000000624af0788) 
thrown [s\src\hotspot\share\classfile\systemDictionary.cpp, line 256]
Event: 0.354 Thread 0x00000288d91cf810 Exception <a 'java/lang/ClassNotFoundException'{0x00000006244d9530}: jdk/internal/agent/resources/spi/agentProvider> (0x00000006244d9530) 
thrown [s\src\hotspot\share\classfile\systemDictionary.cpp, line 256]
Event: 0.396 Thread 0x00000288d91cf810 Exception <a 'java/lang/ClassNotFoundException'{0x0000000624734568}: javax/smartcardio/CardPermission> (0x0000000624734568) 
thrown [s\src\hotspot\share\classfile\systemDictionary.cpp, line 256]
Event: 0.397 Thread 0x00000288d91cf810 Exception <a 'java/io/FileNotFoundException'{0x0000000624743dd0}> (0x0000000624743dd0) 
thrown [s\src\hotspot\share\prims\jni.cpp, line 516]

VM Operations (8 events):
Event: 0.106 Executing VM operation: HandshakeAllThreads
Event: 0.106 Executing VM operation: HandshakeAllThreads done
Event: 0.257 Executing VM operation: HandshakeAllThreads
Event: 0.257 Executing VM operation: HandshakeAllThreads done
Event: 0.278 Executing VM operation: HandshakeAllThreads
Event: 0.278 Executing VM operation: HandshakeAllThreads done
Event: 0.323 Executing VM operation: HandshakeAllThreads
Event: 0.323 Executing VM operation: HandshakeAllThreads done

Events (20 events):
Event: 0.413 loading class java/text/spi/BreakIteratorProvider
Event: 0.413 loading class java/text/spi/BreakIteratorProvider done
Event: 0.413 loading class java/text/spi/CollatorProvider
Event: 0.413 loading class java/text/spi/CollatorProvider done
Event: 0.413 loading class java/text/spi/DateFormatProvider
Event: 0.413 loading class java/text/spi/DateFormatProvider done
Event: 0.413 loading class java/text/spi/DateFormatSymbolsProvider
Event: 0.413 loading class java/text/spi/DateFormatSymbolsProvider done
Event: 0.413 loading class java/text/spi/NumberFormatProvider
Event: 0.413 loading class java/text/spi/NumberFormatProvider done
Event: 0.413 loading class java/util/spi/CurrencyNameProvider
Event: 0.413 loading class java/util/spi/CurrencyNameProvider done
Event: 0.413 loading class java/util/spi/LocaleNameProvider
Event: 0.413 loading class java/util/spi/LocaleNameProvider done
Event: 0.413 loading class java/util/spi/TimeZoneNameProvider
Event: 0.413 loading class java/util/spi/TimeZoneNameProvider done
Event: 0.413 loading class sun/util/locale/provider/CalendarDataUtility$CalendarWeekParameterGetter
Event: 0.413 loading class sun/util/locale/provider/LocaleServiceProviderPool$LocalizedObjectGetter
Event: 0.413 loading class sun/util/locale/provider/LocaleServiceProviderPool$LocalizedObjectGetter done
Event: 0.413 loading class sun/util/locale/provider/CalendarDataUtility$CalendarWeekParameterGetter done


Dynamic libraries:
0x00007ff61f6f0000 - 0x00007ff61f6fe000 	C:\Users\Admin stagiaire.DESKTOP-8967908\Downloads\sts-4.17.1.RELEASE\plugins\org.eclipse.justj.openjdk.hotspot.jre.full.win32.x86_64_17.0.5.v20221102-0933\jre\bin\javaw.exe
0x00007ff8f2030000 - 0x00007ff8f2228000 	C:\WINDOWS\SYSTEM32\ntdll.dll
0x00007ff8f0b50000 - 0x00007ff8f0c0d000 	C:\WINDOWS\System32\KERNEL32.DLL
0x00007ff8ef800000 - 0x00007ff8efad2000 	C:\WINDOWS\System32\KERNELBASE.dll
0x00007ff8efae0000 - 0x00007ff8efbe0000 	C:\WINDOWS\System32\ucrtbase.dll
0x00007ff8da940000 - 0x00007ff8da959000 	C:\Users\Admin stagiaire.DESKTOP-8967908\Downloads\sts-4.17.1.RELEASE\plugins\org.eclipse.justj.openjdk.hotspot.jre.full.win32.x86_64_17.0.5.v20221102-0933\jre\bin\VCRUNTIME140.dll
0x00007ff8e4740000 - 0x00007ff8e4757000 	C:\Users\Admin stagiaire.DESKTOP-8967908\Downloads\sts-4.17.1.RELEASE\plugins\org.eclipse.justj.openjdk.hotspot.jre.full.win32.x86_64_17.0.5.v20221102-0933\jre\bin\jli.dll
0x00007ff8f1030000 - 0x00007ff8f11cd000 	C:\WINDOWS\System32\USER32.dll
0x00007ff8ef740000 - 0x00007ff8ef762000 	C:\WINDOWS\System32\win32u.dll
0x00007ff8ccef0000 - 0x00007ff8cd18a000 	C:\WINDOWS\WinSxS\amd64_microsoft.windows.common-controls_6595b64144ccf1df_6.0.19041.1110_none_60b5254171f9507e\COMCTL32.dll
0x00007ff8f1870000 - 0x00007ff8f189b000 	C:\WINDOWS\System32\GDI32.dll
0x00007ff8f0100000 - 0x00007ff8f019e000 	C:\WINDOWS\System32\msvcrt.dll
0x00007ff8efc80000 - 0x00007ff8efd8f000 	C:\WINDOWS\System32\gdi32full.dll
0x00007ff8efbe0000 - 0x00007ff8efc7d000 	C:\WINDOWS\System32\msvcp_win.dll
0x00007ff8f17d0000 - 0x00007ff8f1800000 	C:\WINDOWS\System32\IMM32.DLL
0x00007ff8e5b20000 - 0x00007ff8e5b2c000 	C:\Users\Admin stagiaire.DESKTOP-8967908\Downloads\sts-4.17.1.RELEASE\plugins\org.eclipse.justj.openjdk.hotspot.jre.full.win32.x86_64_17.0.5.v20221102-0933\jre\bin\vcruntime140_1.dll
0x00007ff8cb220000 - 0x00007ff8cb2b1000 	C:\Users\Admin stagiaire.DESKTOP-8967908\Downloads\sts-4.17.1.RELEASE\plugins\org.eclipse.justj.openjdk.hotspot.jre.full.win32.x86_64_17.0.5.v20221102-0933\jre\bin\msvcp140.dll
0x00007ff8645d0000 - 0x00007ff865214000 	C:\Users\Admin stagiaire.DESKTOP-8967908\Downloads\sts-4.17.1.RELEASE\plugins\org.eclipse.justj.openjdk.hotspot.jre.full.win32.x86_64_17.0.5.v20221102-0933\jre\bin\server\jvm.dll
0x00007ff8f04e0000 - 0x00007ff8f058e000 	C:\WINDOWS\System32\ADVAPI32.dll
0x00007ff8f0250000 - 0x00007ff8f02ec000 	C:\WINDOWS\System32\sechost.dll
0x00007ff8f0590000 - 0x00007ff8f06b5000 	C:\WINDOWS\System32\RPCRT4.dll
0x00007ff8645c0000 - 0x00007ff8645c9000 	C:\WINDOWS\SYSTEM32\WSOCK32.dll
0x00007ff8e4270000 - 0x00007ff8e427a000 	C:\WINDOWS\SYSTEM32\VERSION.dll
0x00007ff8f1800000 - 0x00007ff8f186b000 	C:\WINDOWS\System32\WS2_32.dll
0x00007ff8d04d0000 - 0x00007ff8d04f7000 	C:\WINDOWS\SYSTEM32\WINMM.dll
0x00007ff8edf90000 - 0x00007ff8edfa2000 	C:\WINDOWS\SYSTEM32\kernel.appcore.dll
0x00007ff8645b0000 - 0x00007ff8645ba000 	C:\Users\Admin stagiaire.DESKTOP-8967908\Downloads\sts-4.17.1.RELEASE\plugins\org.eclipse.justj.openjdk.hotspot.jre.full.win32.x86_64_17.0.5.v20221102-0933\jre\bin\jimage.dll
0x00007ff8e9a40000 - 0x00007ff8e9c24000 	C:\WINDOWS\SYSTEM32\DBGHELP.DLL
0x00007ff8dc180000 - 0x00007ff8dc1ac000 	C:\WINDOWS\SYSTEM32\dbgcore.DLL
0x00007ff8ef770000 - 0x00007ff8ef7f2000 	C:\WINDOWS\System32\bcryptPrimitives.dll
0x00007ff864580000 - 0x00007ff8645a5000 	C:\Users\Admin stagiaire.DESKTOP-8967908\Downloads\sts-4.17.1.RELEASE\plugins\org.eclipse.justj.openjdk.hotspot.jre.full.win32.x86_64_17.0.5.v20221102-0933\jre\bin\java.dll
0x00007ff864560000 - 0x00007ff864578000 	C:\Users\Admin stagiaire.DESKTOP-8967908\Downloads\sts-4.17.1.RELEASE\plugins\org.eclipse.justj.openjdk.hotspot.jre.full.win32.x86_64_17.0.5.v20221102-0933\jre\bin\zip.dll
0x00007ff8f18a0000 - 0x00007ff8f1fe3000 	C:\WINDOWS\System32\SHELL32.dll
0x00007ff8ed7b0000 - 0x00007ff8edf41000 	C:\WINDOWS\SYSTEM32\windows.storage.dll
0x00007ff8f11d0000 - 0x00007ff8f1524000 	C:\WINDOWS\System32\combase.dll
0x00007ff8ef1a0000 - 0x00007ff8ef1d0000 	C:\WINDOWS\SYSTEM32\Wldp.dll
0x00007ff8f01a0000 - 0x00007ff8f024d000 	C:\WINDOWS\System32\SHCORE.dll
0x00007ff8f15b0000 - 0x00007ff8f1605000 	C:\WINDOWS\System32\shlwapi.dll
0x00007ff8ef680000 - 0x00007ff8ef69f000 	C:\WINDOWS\SYSTEM32\profapi.dll
0x00007ff864540000 - 0x00007ff864559000 	C:\Users\Admin stagiaire.DESKTOP-8967908\Downloads\sts-4.17.1.RELEASE\plugins\org.eclipse.justj.openjdk.hotspot.jre.full.win32.x86_64_17.0.5.v20221102-0933\jre\bin\net.dll
0x00007ff8e6c10000 - 0x00007ff8e6d1d000 	C:\WINDOWS\SYSTEM32\WINHTTP.dll
0x00007ff8eef00000 - 0x00007ff8eef6a000 	C:\WINDOWS\system32\mswsock.dll
0x00007ff864520000 - 0x00007ff864535000 	C:\Users\Admin stagiaire.DESKTOP-8967908\Downloads\sts-4.17.1.RELEASE\plugins\org.eclipse.justj.openjdk.hotspot.jre.full.win32.x86_64_17.0.5.v20221102-0933\jre\bin\nio.dll
0x00007ff8ce8c0000 - 0x00007ff8ce8c9000 	C:\Users\Admin stagiaire.DESKTOP-8967908\Downloads\sts-4.17.1.RELEASE\plugins\org.eclipse.justj.openjdk.hotspot.jre.full.win32.x86_64_17.0.5.v20221102-0933\jre\bin\management.dll
0x00007ff8ce8b0000 - 0x00007ff8ce8bb000 	C:\Users\Admin stagiaire.DESKTOP-8967908\Downloads\sts-4.17.1.RELEASE\plugins\org.eclipse.justj.openjdk.hotspot.jre.full.win32.x86_64_17.0.5.v20221102-0933\jre\bin\management_ext.dll
0x00007ff8f1610000 - 0x00007ff8f1618000 	C:\WINDOWS\System32\PSAPI.DLL
0x00007ff8d1fa0000 - 0x00007ff8d1fb7000 	C:\WINDOWS\system32\napinsp.dll
0x00007ff8d12b0000 - 0x00007ff8d12cb000 	C:\WINDOWS\system32\pnrpnsp.dll
0x00007ff8e6ea0000 - 0x00007ff8e6eb5000 	C:\WINDOWS\system32\wshbth.dll
0x00007ff8e7800000 - 0x00007ff8e781d000 	C:\WINDOWS\system32\NLAapi.dll
0x00007ff8eeba0000 - 0x00007ff8eebdb000 	C:\WINDOWS\SYSTEM32\IPHLPAPI.DLL
0x00007ff8eebe0000 - 0x00007ff8eecaa000 	C:\WINDOWS\SYSTEM32\DNSAPI.dll
0x00007ff8f0090000 - 0x00007ff8f0098000 	C:\WINDOWS\System32\NSI.dll
0x00007ff8ce250000 - 0x00007ff8ce262000 	C:\WINDOWS\System32\winrnr.dll
0x00007ff8e53e0000 - 0x00007ff8e53ea000 	C:\Windows\System32\rasadhlp.dll
0x00007ff8e4850000 - 0x00007ff8e48d0000 	C:\WINDOWS\System32\fwpuclnt.dll
0x00007ff8efe40000 - 0x00007ff8efe67000 	C:\WINDOWS\System32\bcrypt.dll
0x00007ff8ef100000 - 0x00007ff8ef118000 	C:\WINDOWS\SYSTEM32\CRYPTSP.dll
0x00007ff8ee7b0000 - 0x00007ff8ee7e4000 	C:\WINDOWS\system32\rsaenh.dll
0x00007ff8ef640000 - 0x00007ff8ef66e000 	C:\WINDOWS\SYSTEM32\USERENV.dll
0x00007ff8ef0f0000 - 0x00007ff8ef0fc000 	C:\WINDOWS\SYSTEM32\CRYPTBASE.dll
0x00007ff8e5410000 - 0x00007ff8e5427000 	C:\WINDOWS\SYSTEM32\dhcpcsvc6.DLL
0x00007ff8e56f0000 - 0x00007ff8e570d000 	C:\WINDOWS\SYSTEM32\dhcpcsvc.DLL
0x00007ff8644e0000 - 0x00007ff8644f0000 	C:\Users\Admin stagiaire.DESKTOP-8967908\Downloads\sts-4.17.1.RELEASE\plugins\org.eclipse.justj.openjdk.hotspot.jre.full.win32.x86_64_17.0.5.v20221102-0933\jre\bin\verify.dll

dbghelp: loaded successfully - version: 4.0.5 - missing functions: none
symbol engine: initialized successfully - sym options: 0x614 - pdb path: .;C:\Users\Admin stagiaire.DESKTOP-8967908\Downloads\sts-4.17.1.RELEASE\plugins\org.eclipse.justj.openjdk.hotspot.jre.full.win32.x86_64_17.0.5.v20221102-0933\jre\bin;C:\WINDOWS\SYSTEM32;C:\WINDOWS\WinSxS\amd64_microsoft.windows.common-controls_6595b64144ccf1df_6.0.19041.1110_none_60b5254171f9507e;C:\Users\Admin stagiaire.DESKTOP-8967908\Downloads\sts-4.17.1.RELEASE\plugins\org.eclipse.justj.openjdk.hotspot.jre.full.win32.x86_64_17.0.5.v20221102-0933\jre\bin\server

VM Arguments:
jvm_args: -Dcom.sun.management.jmxremote -Dcom.sun.management.jmxremote.port=61682 -Dcom.sun.management.jmxremote.authenticate=false -Dcom.sun.management.jmxremote.ssl=false -Djava.rmi.server.hostname=localhost -Dspring.jmx.enabled=true -Dmanagement.endpoints.jmx.exposure.include=* -Dspring.application.admin.enabled=true -XX:TieredStopAtLevel=1 -Dspring.boot.project.name=gestioncomptebancaire -Dfile.encoding=UTF-8 -XX:+ShowCodeDetailsInExceptionMessages 
java_command: fr.dawan.gestioncomptebancaire.GestioncomptebancaireApplication --spring.output.ansi.enabled=always
java_class_path (initial): C:\Users\Admin stagiaire.DESKTOP-8967908\Desktop\MiseEnPratique\FormationSpringInitiationApprofondissement\ProjetSpringBoot\gestioncomptebancaire\target\classes;C:\Users\Admin stagiaire.DESKTOP-8967908\.m2\repository\org\springframework\boot\spring-boot-devtools\2.6.8\spring-boot-devtools-2.6.8.jar;C:\Users\Admin stagiaire.DESKTOP-8967908\.m2\repository\org\springframework\boot\spring-boot\2.6.8\spring-boot-2.6.8.jar;C:\Users\Admin stagiaire.DESKTOP-8967908\.m2\repository\org\springframework\spring-context\5.3.20\spring-context-5.3.20.jar;C:\Users\Admin stagiaire.DESKTOP-8967908\.m2\repository\org\springframework\boot\spring-boot-autoconfigure\2.6.8\spring-boot-autoconfigure-2.6.8.jar;C:\Users\Admin stagiaire.DESKTOP-8967908\.m2\repository\org\springframework\boot\spring-boot-starter-data-jpa\2.6.8\spring-boot-starter-data-jpa-2.6.8.jar;C:\Users\Admin stagiaire.DESKTOP-8967908\.m2\repository\org\springframework\boot\spring-boot-starter-aop\2.6.8\spring-boot-starter-aop-2.6.8.jar;C:\Users\Admin stagiaire.DESKTOP-8967908\.m2\repository\org\springframework\spring-aop\5.3.20\spring-aop-5.3.20.jar;C:\Users\Admin stagiaire.DESKTOP-8967908\.m2\repository\org\aspectj\aspectjweaver\1.9.7\aspectjweaver-1.9.7.jar;C:\Users\Admin stagiaire.DESKTOP-8967908\.m2\repository\org\springframework\boot\spring-boot-starter-jdbc\2.6.8\spring-boot-starter-jdbc-2.6.8.jar;C:\Users\Admin stagiaire.DESKTOP-8967908\.m2\repository\com\zaxxer\HikariCP\4.0.3\HikariCP-4.0.3.jar;C:\Users\Admin stagiaire.DESKTOP-8967908\.m2\repository\org\springframework\spring-jdbc\5.3.20\spring-jdbc-5.3.20.jar;C:\Users\Admin stagiaire.DESKTOP-8967908\.m2\repository\jakarta\transaction\jakarta.transaction-api\1.3.3\jakarta.transaction-api-1.3.3.jar;C:\Users\Admin stagiaire.DESKTOP-8967908\.m2\repository\jakarta\persistence\jakarta.persistence-api\2.2.3\jakarta.persistence-api-2.2.3.jar;C:\Users\Admin stagiaire.DESKTOP-8967908\.m2\repository\org\hibernate\hibernate-core\5.6.9.Final\hibern
Launcher Type: SUN_STANDARD

[Global flags]
     intx CICompilerCount                          = 4                                         {product} {ergonomic}
     uint ConcGCThreads                            = 3                                         {product} {ergonomic}
     uint G1ConcRefinementThreads                  = 10                                        {product} {ergonomic}
   size_t G1HeapRegionSize                         = 4194304                                   {product} {ergonomic}
    uintx GCDrainStackTargetSize                   = 64                                        {product} {ergonomic}
   size_t InitialHeapSize                          = 532676608                                 {product} {ergonomic}
     bool ManagementServer                         = true                                      {product} {command line}
   size_t MarkStackSize                            = 4194304                                   {product} {ergonomic}
   size_t MaxHeapSize                              = 8497659904                                {product} {ergonomic}
   size_t MaxNewSize                               = 5096079360                                {product} {ergonomic}
   size_t MinHeapDeltaBytes                        = 4194304                                   {product} {ergonomic}
   size_t MinHeapSize                              = 8388608                                   {product} {ergonomic}
    uintx NonProfiledCodeHeapSize                  = 0                                      {pd product} {ergonomic}
     bool ProfileInterpreter                       = false                                  {pd product} {command line}
    uintx ProfiledCodeHeapSize                     = 0                                      {pd product} {ergonomic}
     bool ShowCodeDetailsInExceptionMessages       = true                                   {manageable} {command line}
   size_t SoftMaxHeapSize                          = 8497659904                             {manageable} {ergonomic}
     intx TieredStopAtLevel                        = 1                                         {product} {command line}
     bool UseCompressedClassPointers               = true                           {product lp64_product} {ergonomic}
     bool UseCompressedOops                        = true                           {product lp64_product} {ergonomic}
     bool UseG1GC                                  = true                                      {product} {ergonomic}
     bool UseLargePagesIndividualAllocation        = false                                  {pd product} {ergonomic}

Logging:
Log output configuration:
 #0: stdout all=warning uptime,level,tags
 #1: stderr all=off uptime,level,tags

Environment Variables:
JAVA_HOME=C:\Program Files\Java\jdk-17.0.5
CLASSPATH=.;
PATH=C:/Users/Admin stagiaire.DESKTOP-8967908/Downloads/sts-4.17.1.RELEASE//plugins/org.eclipse.justj.openjdk.hotspot.jre.full.win32.x86_64_17.0.5.v20221102-0933/jre/bin/server;C:/Users/Admin stagiaire.DESKTOP-8967908/Downloads/sts-4.17.1.RELEASE//plugins/org.eclipse.justj.openjdk.hotspot.jre.full.win32.x86_64_17.0.5.v20221102-0933/jre/bin;C:\Program Files\Java\jdk-17.0.5\bin;C:\Program Files\Java\jdk1.8.0_301\bin;C:\Program Files\Common Files\Oracle\Java\javapath;C:\Program Files (x86)\Common Files\Oracle\Java\javapath;C:\Windows\system32;C:\Windows;C:\Windows\System32\Wbem;C:\Windows\System32\WindowsPowerShell\v1.0\;C:\Windows\System32\OpenSSH\;C:\ProgramData\chocolatey\bin;C:\Users\Admin\AppData\Local\Microsoft\WindowsApps;C:\Program Files (x86)\InnoSetup6;C:\Program Files\Git\bin;C:\Program Files\Oracle\VirtualBox;C:\WINDOWS\system32;C:\WINDOWS;C:\WINDOWS\System32\Wbem;C:\WINDOWS\System32\WindowsPowerShell\v1.0\;C:\WINDOWS\System32\OpenSSH\;C:\Program Files\Microsoft SQL Server\130\Tools\Binn\;C:\Program Files\Microsoft SQL Server\Client SDK\ODBC\170\Tools\Binn\;C:\Program Files (x86)\Microsoft SQL Server\150\Tools\Binn\;C:\Program Files\Microsoft SQL Server\150\Tools\Binn\;C:\Program Files\Microsoft SQL Server\150\DTS\Binn\;C:\Program Files (x86)\Microsoft SQL Server\150\DTS\Binn\;C:\Program Files\Azure Data Studio\bin;C:\Program Files\dotnet\;C:\Program Files (x86)\InnoSetup6;C:\Program Files (x86)\NVIDIA Corporation\PhysX\Common;C:\Program Files\nodejs\;C:\apache-maven-3.8.5\bin;C:\Users\Admin stagiaire.DESKTOP-8967908\AppData\Local\Microsoft\WindowsApps;C:\Users\Admin stagiaire.DESKTOP-8967908\AppData\Local\Programs\Microsoft VS Code\bin;C:\Program Files\Azure Data Studio\bin;C:\Users\Admin stagiaire.DESKTOP-8967908\.dotnet\tools;C:\Users\Admin stagiaire.DESKTOP-8967908\AppData\Roaming\npm;C:\Users\Admin stagiaire.DESKTOP-8967908\Downloads\sts-4.17.1.RELEASE;
USERNAME=Admin stagiaire
OS=Windows_NT
PROCESSOR_IDENTIFIER=Intel64 Family 6 Model 165 Stepping 2, GenuineIntel
TMP=C:\Users\ADMINS~1.DES\AppData\Local\Temp
TEMP=C:\Users\ADMINS~1.DES\AppData\Local\Temp



---------------  S Y S T E M  ---------------

OS:
 Windows 10 , 64 bit Build 19041 (10.0.19041.1889)
OS uptime: 1 days 6:23 hours

CPU: total 12 (initial active 12) (6 cores per cpu, 2 threads per core) family 6 model 165 stepping 2 microcode 0xea, cx8, cmov, fxsr, ht, mmx, 3dnowpref, sse, sse2, sse3, ssse3, sse4.1, sse4.2, popcnt, lzcnt, tsc, tscinvbit, avx, avx2, aes, erms, clmul, bmi1, bmi2, adx, fma, vzeroupper, clflush, clflushopt

Memory: 4k page, system-wide physical 32401M (10353M free)
TotalPageFile size 40497M (AvailPageFile size 5M)
current process WorkingSet (physical memory assigned to process): 66M, peak: 66M
current process commit charge ("private bytes"): 618M, peak: 618M

vm_info: OpenJDK 64-Bit Server VM (17.0.5+8) for windows-amd64 JRE (17.0.5+8), built on Oct 19 2022 04:48:13 by "temurin" with MS VC++ 16.7 (VS2019)

END.
